\BOOKMARK [1][]{toc.1}{Inhaltsverzeichnis}{}% 1
\BOOKMARK [0][]{chapter.1}{1 Introduction}{}% 2
\BOOKMARK [0][]{chapter.2}{2 Related Work}{}% 3
\BOOKMARK [1][]{section.2.1}{2.1 Image Retrieval}{chapter.2}% 4
\BOOKMARK [1][]{section.2.2}{2.2 Object Detection}{chapter.2}% 5
\BOOKMARK [1][]{section.2.3}{2.3 Logo Retrieval}{chapter.2}% 6
\BOOKMARK [0][]{chapter.3}{3 Proposal Based Object Detection and Classification}{}% 7
\BOOKMARK [1][]{section.3.1}{3.1 Fully Convolutional Neural Networks}{chapter.3}% 8
\BOOKMARK [1][]{section.3.2}{3.2 Region proposal systems}{chapter.3}% 9
\BOOKMARK [1][]{section.3.3}{3.3 Region Based Convolutional Neural Network}{chapter.3}% 10
\BOOKMARK [1][]{section.3.4}{3.4 Fast Region Based Convolutional Neural Network}{chapter.3}% 11
\BOOKMARK [1][]{section.3.5}{3.5 Faster Region Based Convolutional Neural Network}{chapter.3}% 12
\BOOKMARK [0][]{chapter.4}{4 Logo Retrieval System}{}% 13
\BOOKMARK [1][]{section.4.1}{4.1 Logo Datasets}{chapter.4}% 14
\BOOKMARK [2][-]{subsection.4.1.1}{4.1.1 FlickrLogos-32}{section.4.1}% 15
\BOOKMARK [2][-]{subsection.4.1.2}{4.1.2 Flickr Logos 27}{section.4.1}% 16
\BOOKMARK [2][-]{subsection.4.1.3}{4.1.3 TopLogo10}{section.4.1}% 17
\BOOKMARK [2][-]{subsection.4.1.4}{4.1.4 BelgaLogos}{section.4.1}% 18
\BOOKMARK [2][-]{subsection.4.1.5}{4.1.5 Logos-32plus}{section.4.1}% 19
\BOOKMARK [1][]{section.4.2}{4.2 Logo Detection}{chapter.4}% 20
\BOOKMARK [1][]{section.4.3}{4.3 Logo Comparison}{chapter.4}% 21
\BOOKMARK [0][]{chapter.5}{5 Evaluation}{}% 22
\BOOKMARK [1][]{section.5.1}{5.1 Logo Detection}{chapter.5}% 23
\BOOKMARK [1][]{section.5.2}{5.2 Logo Retrieval}{chapter.5}% 24
\BOOKMARK [0][]{chapter.6}{6 Conclusion}{}% 25
\BOOKMARK [1][]{section.6.1}{6.1 Summary}{chapter.6}% 26
\BOOKMARK [1][]{section.6.2}{6.2 Future Work}{chapter.6}% 27
\BOOKMARK [0][]{chapter*.4}{List of Figures}{}% 28
\BOOKMARK [0][]{chapter*.5}{List of Tables}{}% 29
